JvmtiExport can_access_local_variables 0
JvmtiExport can_hotswap_or_post_breakpoint 0
JvmtiExport can_post_on_exceptions 0
# 384 ciObject found
instanceKlass org/eclipse/debug/internal/core/sourcelookup/SourceLookupUtils
instanceKlass org/eclipse/debug/internal/core/LaunchDelegate
instanceKlass org/eclipse/debug/core/ILaunchDelegate
instanceKlass org/eclipse/debug/core/ILaunchConfigurationType
instanceKlass org/eclipse/sisu/inject/MildElements$Itr
instanceKlass java/io/ObjectOutputStream$ReplaceTable
instanceKlass java/io/ObjectOutputStream$HandleTable
instanceKlass org/gradle/internal/concurrent/CompositeStoppable$1
instanceKlass org/gradle/internal/concurrent/CompositeStoppable
instanceKlass org/gradle/internal/service/DefaultServiceRegistry$ManagedObjectProvider
instanceKlass org/gradle/tooling/GradleConnector
instanceKlass org/gradle/internal/reflect/JavaMethod
instanceKlass org/gradle/internal/reflect/JavaReflectionUtil
instanceKlass org/gradle/internal/service/AbstractServiceMethod
instanceKlass org/gradle/internal/service/ServiceMethod
instanceKlass org/gradle/tooling/internal/consumer/ExecutorServiceFactory
instanceKlass org/gradle/internal/time/Clock
instanceKlass org/gradle/tooling/internal/consumer/DistributionFactory
instanceKlass org/gradle/tooling/internal/consumer/ConnectionFactory
instanceKlass org/gradle/tooling/internal/consumer/LoggingProvider
instanceKlass org/gradle/internal/concurrent/ExecutorFactory
instanceKlass org/gradle/tooling/internal/consumer/loader/ToolingImplementationLoader
instanceKlass org/gradle/internal/service/RelevantMethodsBuilder
instanceKlass org/gradle/internal/service/ReflectionBasedServiceMethodFactory
instanceKlass org/gradle/internal/service/DefaultServiceMethodFactory
instanceKlass org/gradle/internal/service/ServiceMethodFactory
instanceKlass org/gradle/internal/service/RelevantMethods
instanceKlass org/gradle/internal/service/DefaultServiceRegistry$CachingProvider
instanceKlass org/gradle/internal/service/DefaultServiceRegistry$OwnServices
instanceKlass org/gradle/internal/service/DefaultServiceRegistry$Provider
instanceKlass org/gradle/internal/concurrent/Stoppable
instanceKlass org/gradle/internal/service/DefaultServiceRegistry$ServiceProvider
instanceKlass org/gradle/internal/service/DefaultServiceRegistry
instanceKlass org/gradle/internal/service/ServiceRegistry
instanceKlass org/gradle/tooling/internal/consumer/ConnectorServices
instanceKlass com/gradleware/tooling/toolingclient/internal/DefaultToolingClient$2
instanceKlass org/eclipse/osgi/internal/framework/BundleContextImpl$4
instanceKlass org/eclipse/osgi/internal/container/ComputeNodeOrder$Digraph$Vertex
instanceKlass org/eclipse/osgi/internal/container/ComputeNodeOrder$Digraph
instanceKlass org/eclipse/osgi/internal/container/ComputeNodeOrder
instanceKlass org/eclipse/osgi/internal/framework/EquinoxBundle$SystemBundle$EquinoxSystemModule$1
instanceKlass java/lang/ProcessImpl$2
instanceKlass java/lang/Process
instanceKlass java/lang/ProcessBuilder
instanceKlass org/eclipse/core/internal/utils/StringPoolJob$1
instanceKlass org/eclipse/core/internal/utils/StringPool
instanceKlass org/eclipse/m2e/core/internal/index/nexus/NexusIndexManager$1
instanceKlass org/eclipse/m2e/core/internal/index/nexus/IndexUpdaterJob$IndexCommand
instanceKlass org/apache/maven/index/context/IndexUtils
instanceKlass org/apache/lucene/index/CompoundFileWriter$FileEntry
instanceKlass org/apache/lucene/index/CompoundFileWriter
instanceKlass org/apache/lucene/search/Searcher
instanceKlass org/apache/lucene/search/Searchable
instanceKlass java/rmi/Remote
instanceKlass org/apache/lucene/util/cache/Cache
instanceKlass org/apache/lucene/index/TermInfosReader$ThreadResources
instanceKlass org/apache/lucene/index/SegmentTermDocs
instanceKlass org/apache/lucene/index/TermDocs
instanceKlass org/apache/lucene/index/SegmentReader$Norm
instanceKlass org/apache/lucene/util/BitVector
instanceKlass org/apache/lucene/util/UnicodeUtil$UTF16Result
instanceKlass org/apache/lucene/index/TermBuffer
instanceKlass org/apache/lucene/index/TermEnum
instanceKlass org/apache/lucene/index/TermInfosReader
instanceKlass org/apache/lucene/index/CompoundFileReader$FileEntry
instanceKlass org/apache/lucene/index/SegmentMerger
instanceKlass org/apache/lucene/index/FreqProxFieldMergeState
instanceKlass java/lang/StrictMath
instanceKlass org/apache/lucene/index/MultiLevelSkipListWriter
instanceKlass org/apache/lucene/index/TermInfosWriter
instanceKlass org/apache/lucene/index/DocumentsWriter$FlushState
instanceKlass org/apache/lucene/util/UnicodeUtil
instanceKlass org/apache/lucene/store/RAMFile
instanceKlass org/apache/lucene/store/IndexOutput
instanceKlass org/apache/lucene/util/ArrayUtil
instanceKlass org/apache/lucene/index/InvertedDocEndConsumerPerField
instanceKlass org/apache/lucene/index/TermsHashConsumerPerField
instanceKlass org/apache/lucene/index/InvertedDocConsumerPerField
instanceKlass org/apache/lucene/index/DocFieldConsumerPerField
instanceKlass org/apache/lucene/index/FieldInfo
instanceKlass org/apache/lucene/index/BufferedDeletes$Num
instanceKlass org/apache/lucene/index/FieldsWriter
instanceKlass org/apache/lucene/index/InvertedDocEndConsumerPerThread
instanceKlass org/apache/lucene/index/ByteBlockPool
instanceKlass org/apache/lucene/index/IntBlockPool
instanceKlass org/apache/lucene/index/CharBlockPool
instanceKlass org/apache/lucene/index/TermsHashConsumerPerThread
instanceKlass org/apache/lucene/index/InvertedDocConsumerPerThread
instanceKlass org/apache/lucene/index/DocInverter$FieldInvertState
instanceKlass org/apache/lucene/analysis/Token
instanceKlass org/apache/lucene/index/DocFieldConsumerPerThread
instanceKlass org/apache/lucene/index/DocFieldProcessorPerField
instanceKlass org/apache/lucene/index/DocConsumerPerThread
instanceKlass org/apache/lucene/index/DocumentsWriter$DocState
instanceKlass org/apache/lucene/index/IndexCommit
instanceKlass org/apache/lucene/index/IndexCommitPoint
instanceKlass org/apache/lucene/index/IndexFileDeleter$RefCount
instanceKlass org/apache/lucene/index/KeepOnlyLastCommitDeletionPolicy
instanceKlass org/apache/lucene/index/IndexDeletionPolicy
instanceKlass org/apache/lucene/index/IndexFileDeleter
instanceKlass org/apache/lucene/index/FieldInfos
instanceKlass org/apache/lucene/index/DocConsumer
instanceKlass org/apache/lucene/index/DocFieldConsumer
instanceKlass org/apache/lucene/index/InvertedDocEndConsumer
instanceKlass org/apache/lucene/index/RawPostingList
instanceKlass org/apache/lucene/index/InvertedDocConsumer
instanceKlass org/apache/lucene/util/UnicodeUtil$UTF8Result
instanceKlass org/apache/lucene/index/TermInfo
instanceKlass org/apache/lucene/index/TermsHashConsumer
instanceKlass org/apache/lucene/index/DocumentsWriter$WaitQueue
instanceKlass org/apache/lucene/index/ByteBlockPool$Allocator
instanceKlass org/apache/lucene/index/DocumentsWriter$DocWriter
instanceKlass org/eclipse/m2e/core/internal/embedder/ReadonlyMavenExecutionRequest
instanceKlass org/apache/lucene/index/BufferedDeletes
instanceKlass org/eclipse/m2e/core/internal/project/registry/ProjectRegistryManager$2
instanceKlass org/apache/lucene/index/DocumentsWriterThreadState
instanceKlass org/eclipse/m2e/core/internal/project/DependencyResolutionContext
instanceKlass org/apache/lucene/index/DocumentsWriter
instanceKlass org/eclipse/m2e/core/internal/project/registry/ProjectRegistryRefreshJob$1$1
instanceKlass org/apache/lucene/index/SegmentInfo
instanceKlass org/apache/maven/settings/RuntimeInfo
instanceKlass org/apache/maven/execution/DefaultMavenExecutionResult
instanceKlass org/eclipse/aether/AbstractForwardingRepositorySystemSession
instanceKlass org/eclipse/aether/repository/RemoteRepository$Builder
instanceKlass org/apache/lucene/store/IndexInput
